<?xml version="1.0" encoding="UTF-8"?>
<!-- Generated by org.testng.reporters.JUnitReportReporter -->
<testsuite hostname="hemadev" failures="0" tests="1" name="tests.CreateAccountTest" time="35.834" errors="0" timestamp="2024-06-04T19:39:03 CDT" skipped="0">
  <testcase classname="tests.CreateAccountTest" name="TC14_Report" time="35.834"/>
</testsuite> <!-- tests.CreateAccountTest -->
