<?xml version="1.0" encoding="UTF-8"?>
<!-- Generated by org.testng.reporters.JUnitReportReporter -->
<testsuite hostname="hemadev" failures="0" tests="1" name="tests.CreateOptyTest" time="8.625" errors="0" timestamp="2024-06-05T20:31:30 CDT" skipped="0">
  <testcase classname="tests.CreateOptyTest" name="TC15_OpportunityDropDown" time="8.625"/>
</testsuite> <!-- tests.CreateOptyTest -->
