<?xml version="1.0" encoding="UTF-8"?>
<!-- Generated by org.testng.reporters.JUnitReportReporter -->
<testsuite hostname="hemadev" failures="0" tests="3" name="tests.LoginTest" time="3.827" errors="0" timestamp="2024-05-29T21:40:23 CDT" skipped="2">
  <testcase classname="tests.LoginTest" name="TC01_verifyLoginErrorMessage1" time="3.827"/>
  <testcase classname="tests.LoginTest" name="TC03_RememberUserName">
    <skipped/>
  </testcase> <!-- TC03_RememberUserName -->
  <testcase classname="tests.LoginTest" name="TC04_ForgotPasswordA">
    <skipped/>
  </testcase> <!-- TC04_ForgotPasswordA -->
</testsuite> <!-- tests.LoginTest -->
